/*C36*/SET SCHEMA PUBLIC
INSERT INTO USUARIO VALUES(4,'daniel','12345')
COMMIT
DISCONNECT
/*C37*/SET SCHEMA PUBLIC
INSERT INTO USUARIO VALUES(5,'dan','123')
COMMIT
DISCONNECT
/*C38*/SET SCHEMA PUBLIC
DISCONNECT
/*C39*/SET SCHEMA PUBLIC
DISCONNECT
/*C40*/SET SCHEMA PUBLIC
DELETE FROM LANCAMENTO WHERE IDL=9
INSERT INTO LANCAMENTO VALUES(9,3,'Renda','Rendas','2019-06-19',16.05,3)
COMMIT
DISCONNECT
/*C41*/SET SCHEMA PUBLIC
INSERT INTO LANCAMENTO VALUES(11,3,'Renda','TestePOO','2019-06-12',19.06,2)
COMMIT
DISCONNECT
/*C42*/SET SCHEMA PUBLIC
DISCONNECT
/*C43*/SET SCHEMA PUBLIC
INSERT INTO LANCAMENTO VALUES(12,5,'Despesa','Teste08','2019-06-12',88.00,1)
COMMIT
DISCONNECT
/*C44*/SET SCHEMA PUBLIC
DISCONNECT
