/*C3*/SET SCHEMA PUBLIC
INSERT INTO LANCAMENTO VALUES(3,1,'Despesa','teste5','2019-06-05',15.97,1)
COMMIT
DISCONNECT
/*C2*/SET SCHEMA PUBLIC
DISCONNECT
/*C4*/SET SCHEMA PUBLIC
DISCONNECT
/*C5*/SET SCHEMA PUBLIC
DISCONNECT
/*C6*/SET SCHEMA PUBLIC
INSERT INTO LANCAMENTO VALUES(4,1,'Renda','teste789','2019-06-06',15.03,1)
COMMIT
DISCONNECT
/*C8*/SET SCHEMA PUBLIC
INSERT INTO LANCAMENTO VALUES(6,1,'Renda','96','2019-06-12',15.98,1)
COMMIT
DISCONNECT
/*C7*/SET SCHEMA PUBLIC
DISCONNECT
/*C10*/SET SCHEMA PUBLIC
INSERT INTO CATEGORIA VALUES(2,'Teste02')
INSERT INTO CATEGORIA VALUES(3,'Credito')
COMMIT
DISCONNECT
/*C9*/SET SCHEMA PUBLIC
DISCONNECT
/*C11*/SET SCHEMA PUBLIC
INSERT INTO LANCAMENTO VALUES(8,1,'Renda','gaucho','2019-06-06',9.90,1)
COMMIT
DISCONNECT
/*C12*/SET SCHEMA PUBLIC
INSERT INTO LANCAMENTO VALUES(9,1,'Renda','daniel','2019-06-12',10.00,3)
COMMIT
DISCONNECT
